2018-12-19 00:52:27.4030 | DEBUG | _12_16_2018_PetStore.PetStore | Sending request {"name":"Doggie","photoUrls":["http://image.com/image.jpg"],"status":"available"}
2018-12-19 00:52:27.4310 | DEBUG | _12_16_2018_PetStore.PetStore | Response body: {
  "id": -9223372036854775808,
  "name": "Doggie",
  "photoUrls": [
    "http://image.com/image.jpg"
  ],
  "tags": [],
  "status": "available"
}
2018-12-19 00:52:27.4310 | DEBUG | _12_16_2018_PetStore.PetStore | Response id: -9223372036854775808
2018-12-19 00:52:27.8411 | DEBUG | _12_16_2018_PetStore.PetStore | Pet is received. Request name Doggie, response name Doggie
2018-12-19 01:06:20.0684 | DEBUG | _12_16_2018_PetStore.PetStore | Sending request {"name":"Doggie","photoUrls":["http://image.com/image.jpg"],"status":"available"}
2018-12-19 01:06:20.0964 | DEBUG | _12_16_2018_PetStore.PetStore | Response body: {
  "id": -9223372036854775808,
  "name": "Doggie",
  "photoUrls": [
    "http://image.com/image.jpg"
  ],
  "tags": [],
  "status": "available"
}
2018-12-19 01:06:20.0964 | DEBUG | _12_16_2018_PetStore.PetStore | Response id: -9223372036854775808
2018-12-19 01:06:51.1514 | DEBUG | _12_16_2018_PetStore.PetStore | Sending request {"name":"Doggie","photoUrls":["http://image.com/image.jpg"],"status":"available"}
2018-12-19 01:06:51.1873 | DEBUG | _12_16_2018_PetStore.PetStore | Response body: {
  "id": -9223372036854775808,
  "name": "Doggie",
  "photoUrls": [
    "http://image.com/image.jpg"
  ],
  "tags": [],
  "status": "available"
}
2018-12-19 01:06:51.1883 | DEBUG | _12_16_2018_PetStore.PetStore | Response id: -9223372036854775808
2018-12-19 01:08:08.2799 | DEBUG | _12_16_2018_PetStore.PetStore | Sending request {"name":"Doggie","photoUrls":["http://image.com/image.jpg"],"status":"available"}
2018-12-19 01:08:08.3088 | DEBUG | _12_16_2018_PetStore.PetStore | Response body: {
  "id": -9223372036854775808,
  "name": "Doggie",
  "photoUrls": [
    "http://image.com/image.jpg"
  ],
  "tags": [],
  "status": "available"
}
2018-12-19 01:08:08.3088 | DEBUG | _12_16_2018_PetStore.PetStore | Response id: -9223372036854775808
2018-12-19 01:08:37.2545 | DEBUG | _12_16_2018_PetStore.PetStore | Sending request {"name":"Doggie","photoUrls":["http://image.com/image.jpg"],"status":"available"}
2018-12-19 01:08:38.3776 | DEBUG | _12_16_2018_PetStore.PetStore | Response body: {
  "id": -9223372036854775808,
  "name": "Doggie",
  "photoUrls": [
    "http://image.com/image.jpg"
  ],
  "tags": [],
  "status": "available"
}
2018-12-19 01:08:39.0388 | DEBUG | _12_16_2018_PetStore.PetStore | Response id: -9223372036854775808
2018-12-19 01:11:56.2268 | DEBUG | _12_16_2018_PetStore.PetStore | Sending request {"name":"Doggie","photoUrls":["http://image.com/image.jpg"],"status":"available"}
2018-12-19 01:11:56.2547 | DEBUG | _12_16_2018_PetStore.PetStore | Response body: {
  "id": -9223372036854775808,
  "name": "Doggie",
  "photoUrls": [
    "http://image.com/image.jpg"
  ],
  "tags": [],
  "status": "available"
}
2018-12-19 01:11:56.2547 | DEBUG | _12_16_2018_PetStore.PetStore | Response id: -9223372036854775808
2018-12-19 01:12:27.0557 | DEBUG | _12_16_2018_PetStore.PetStore | Sending request {"name":"Doggie","photoUrls":["http://image.com/image.jpg"],"status":"available"}
2018-12-19 01:12:27.0867 | DEBUG | _12_16_2018_PetStore.PetStore | Response body: {
  "id": -9223372036854775808,
  "name": "Doggie",
  "photoUrls": [
    "http://image.com/image.jpg"
  ],
  "tags": [],
  "status": "available"
}
2018-12-19 01:12:27.0867 | DEBUG | _12_16_2018_PetStore.PetStore | Response id: -9223372036854775808
2018-12-19 01:12:28.0212 | DEBUG | _12_16_2018_PetStore.PetStore | Pet is updated. Old name Bobik, response updated name Bobik
2018-12-19 01:13:13.4295 | DEBUG | _12_16_2018_PetStore.PetStore | Sending request {"name":"Doggie","photoUrls":["http://image.com/image.jpg"],"status":"available"}
2018-12-19 01:13:13.4598 | DEBUG | _12_16_2018_PetStore.PetStore | Response body: {
  "id": -9223372036854775808,
  "name": "Doggie",
  "photoUrls": [
    "http://image.com/image.jpg"
  ],
  "tags": [],
  "status": "available"
}
2018-12-19 01:13:13.4598 | DEBUG | _12_16_2018_PetStore.PetStore | Response id: -9223372036854775808
2018-12-19 01:13:14.3800 | DEBUG | _12_16_2018_PetStore.PetStore | Pet is updated. Old name Doggie, response updated name Bobik
2018-12-19 01:32:03.5184 | DEBUG | _12_16_2018_PetStore.PetStore | Sending request {"name":"Doggie","photoUrls":["http://image.com/image.jpg"],"status":"available"}
2018-12-19 01:32:03.5504 | DEBUG | _12_16_2018_PetStore.PetStore | Response body: {
  "id": -9223372036854775808,
  "name": "Doggie",
  "photoUrls": [
    "http://image.com/image.jpg"
  ],
  "tags": [],
  "status": "available"
}
2018-12-19 01:32:03.5504 | DEBUG | _12_16_2018_PetStore.PetStore | Response id: -9223372036854775808
2018-12-19 01:32:04.3285 | DEBUG | _12_16_2018_PetStore.PetStore | {
  "code": 1,
  "type": "error",
  "message": "Pet not found"
}
2018-12-19 01:34:56.5615 | DEBUG | _12_16_2018_PetStore.PetStore | Sending request {"name":"Doggie","photoUrls":["http://image.com/image.jpg"],"status":"available"}
2018-12-19 01:34:56.5925 | DEBUG | _12_16_2018_PetStore.PetStore | Response body: {
  "id": -9223372036854775808,
  "name": "Doggie",
  "photoUrls": [
    "http://image.com/image.jpg"
  ],
  "tags": [],
  "status": "available"
}
2018-12-19 01:34:56.5925 | DEBUG | _12_16_2018_PetStore.PetStore | Response id: -9223372036854775808
2018-12-19 01:34:57.7936 | DEBUG | _12_16_2018_PetStore.PetStore | Response body : {
  "code": 1,
  "type": "error",
  "message": "Pet not found"
}
